#
# A fatal error has been detected by the Java Runtime Environment:
#
#  Internal Error (classfile/classLoader.hpp:129), pid=20740, tid=7336
#  Error: ShouldNotReachHere()
#
# JRE version: OpenJDK Runtime Environment Corretto-17.0.6.10.1 (17.0.6+10) (build 17.0.6+10-LTS)
# Java VM: OpenJDK 64-Bit Server VM Corretto-17.0.6.10.1 (17.0.6+10-LTS, mixed mode, emulated-client, sharing, tiered, compressed oops, compressed class ptrs, g1 gc, windows-amd64)
# No core dump will be written. Minidumps are not enabled by default on client versions of Windows
#
# If you would like to submit a bug report, please visit:
#   https://github.com/corretto/corretto-17/issues/
#

---------------  S U M M A R Y ------------

Command Line: -XX:TieredStopAtLevel=1 -Dspring.output.ansi.enabled=always -Dcom.sun.management.jmxremote -Dspring.jmx.enabled=true -Dspring.liveBeansView.mbeanDomain -Dspring.application.admin.enabled=true -Dmanagement.endpoints.jmx.exposure.include=* -javaagent:C:\Users\DELUR\AppData\Roaming\JetBrains\IntelliJIdea2023.2\plugins\mysql-log-plugin\lib\mysql-log-agent-1.1.jar -Dmysql-log.projectId=c3755412 -javaagent:C:\Program Files\JetBrains\IntelliJ IDEA 2023.2.1\lib\idea_rt.jar=56507:C:\Program Files\JetBrains\IntelliJ IDEA 2023.2.1\bin -Dfile.encoding=UTF-8 com.example.springmodels.SpringModelsApplication

Host: 11th Gen Intel(R) Core(TM) i5-11400H @ 2.70GHz, 12 cores, 15G,  Windows 10 , 64 bit Build 19041 (10.0.19041.3393)
Time: Thu Sep 28 15:34:16 2023 RTZ 2 (s 10 , 64 bit Build 19041 (10.0.19041.3393) elapsed time: 0.370523 seconds (0d 0h 0m 0s)

---------------  T H R E A D  ---------------

Current thread (0x00000287a2779560):  JavaThread "main" [_thread_in_vm, id=7336, stack(0x000000a415a00000,0x000000a415b00000)]

Stack: [0x000000a415a00000,0x000000a415b00000]
Native frames: (J=compiled Java code, j=interpreted, Vv=VM code, C=native code)
V  [jvm.dll+0x64b39a]
V  [jvm.dll+0x7ff044]
V  [jvm.dll+0x8007fe]
V  [jvm.dll+0x800e07]
V  [jvm.dll+0x23579c]
V  [jvm.dll+0x235703]
V  [jvm.dll+0x1e256a]
V  [jvm.dll+0x2b0e30]
V  [jvm.dll+0x2b206c]
V  [jvm.dll+0x5174fd]
V  [jvm.dll+0x77c886]
V  [jvm.dll+0x77c4ff]
V  [jvm.dll+0x77d891]
V  [jvm.dll+0x77dbc8]
V  [jvm.dll+0x22ddda]
V  [jvm.dll+0x369f6e]
C  0x00000287aa28998e

Java frames: (J=compiled Java code, j=interpreted, Vv=VM code)
j  java.util.Properties.load(Ljava/io/InputStream;)V+8 java.base@17.0.6
j  jdk.internal.agent.Agent.readConfiguration(Ljava/lang/String;Ljava/util/Properties;)V+129 jdk.management.agent@17.0.6
j  jdk.internal.agent.Agent.loadManagementProperties()Ljava/util/Properties;+16 jdk.management.agent@17.0.6
j  jdk.internal.agent.Agent.getManagementProperties()Ljava/util/Properties;+38 jdk.management.agent@17.0.6
j  jdk.internal.agent.Agent.startAgent()V+11 jdk.management.agent@17.0.6
v  ~StubRoutines::call_stub

---------------  P R O C E S S  ---------------

Threads class SMR info:
_java_thread_list=0x00000287baceee30, length=15, elements={
0x00000287a2779560, 0x00000287b982b5b0, 0x00000287b982c810, 0x00000287b9844f00,
0x00000287b98478d0, 0x00000287b9848190, 0x00000287b984aa60, 0x00000287b984bb70,
0x00000287b984d220, 0x00000287b9818570, 0x00000287ba4e6d80, 0x00000287ba4e7750,
0x00000287babef5d0, 0x00000287bacdc7f0, 0x00000287bacee100
}

Java Threads: ( => current thread )
=>0x00000287a2779560 JavaThread "main" [_thread_in_vm, id=7336, stack(0x000000a415a00000,0x000000a415b00000)]
  0x00000287b982b5b0 JavaThread "Reference Handler" daemon [_thread_blocked, id=2716, stack(0x000000a416100000,0x000000a416200000)]
  0x00000287b982c810 JavaThread "Finalizer" daemon [_thread_blocked, id=6416, stack(0x000000a416200000,0x000000a416300000)]
  0x00000287b9844f00 JavaThread "Signal Dispatcher" daemon [_thread_blocked, id=12668, stack(0x000000a416300000,0x000000a416400000)]
  0x00000287b98478d0 JavaThread "Attach Listener" daemon [_thread_blocked, id=15992, stack(0x000000a416400000,0x000000a416500000)]
  0x00000287b9848190 JavaThread "Service Thread" daemon [_thread_blocked, id=1764, stack(0x000000a416500000,0x000000a416600000)]
  0x00000287b984aa60 JavaThread "Monitor Deflation Thread" daemon [_thread_blocked, id=6724, stack(0x000000a416600000,0x000000a416700000)]
  0x00000287b984bb70 JavaThread "C1 CompilerThread0" daemon [_thread_blocked, id=2000, stack(0x000000a416700000,0x000000a416800000)]
  0x00000287b984d220 JavaThread "Sweeper thread" daemon [_thread_blocked, id=15788, stack(0x000000a416800000,0x000000a416900000)]
  0x00000287b9818570 JavaThread "Common-Cleaner" daemon [_thread_blocked, id=18712, stack(0x000000a416900000,0x000000a416a00000)]
  0x00000287ba4e6d80 JavaThread "C1 CompilerThread1" daemon [_thread_blocked, id=16512, stack(0x000000a416a00000,0x000000a416b00000)]
  0x00000287ba4e7750 JavaThread "C1 CompilerThread2" daemon [_thread_blocked, id=8660, stack(0x000000a416b00000,0x000000a416c00000)]
  0x00000287babef5d0 JavaThread "C1 CompilerThread3" daemon [_thread_blocked, id=19276, stack(0x000000a416c00000,0x000000a416d00000)]
  0x00000287bacdc7f0 JavaThread "Monitor Ctrl-Break" daemon [_thread_blocked, id=9932, stack(0x000000a417200000,0x000000a417300000)]
  0x00000287bacee100 JavaThread "Notification Thread" daemon [_thread_blocked, id=15672, stack(0x000000a417300000,0x000000a417400000)]

Other Threads:
  0x00000287b9827bb0 VMThread "VM Thread" [stack: 0x000000a416000000,0x000000a416100000] [id=20048] _threads_hazard_ptr=0x00000287baceee30
  0x00000287a27e6af0 GCTaskThread "GC Thread#0" [stack: 0x000000a415b00000,0x000000a415c00000] [id=17000]
  0x00000287bac990f0 GCTaskThread "GC Thread#1" [stack: 0x000000a416d00000,0x000000a416e00000] [id=7776]
  0x00000287bac3b6e0 GCTaskThread "GC Thread#2" [stack: 0x000000a416e00000,0x000000a416f00000] [id=6984]
  0x00000287bac7f400 GCTaskThread "GC Thread#3" [stack: 0x000000a416f00000,0x000000a417000000] [id=17856]
  0x00000287bac7f6b0 GCTaskThread "GC Thread#4" [stack: 0x000000a417000000,0x000000a417100000] [id=20876]
  0x00000287bac7f960 GCTaskThread "GC Thread#5" [stack: 0x000000a417100000,0x000000a417200000] [id=11884]
  0x00000287a063de70 ConcurrentGCThread "G1 Main Marker" [stack: 0x000000a415c00000,0x000000a415d00000] [id=520]
  0x00000287a063e790 ConcurrentGCThread "G1 Conc#0" [stack: 0x000000a415d00000,0x000000a415e00000] [id=19980]
  0x00000287a283d710 ConcurrentGCThread "G1 Refine#0" [stack: 0x000000a415e00000,0x000000a415f00000] [id=9996]
  0x00000287a283e040 ConcurrentGCThread "G1 Service" [stack: 0x000000a415f00000,0x000000a416000000] [id=4772]

Threads with active compile tasks:

VM state: not at safepoint (normal execution)

VM Mutex/Monitor currently owned by a thread:  ([mutex/lock_event])
[0x00000287a2775900] Compile_lock - owner thread: 0x00000287bacdc7f0
[0x00000287a2774c10] CDSClassFileStream_lock - owner thread: 0x00000287a2779560

Heap address: 0x0000000704400000, size: 4028 MB, Compressed Oops mode: Zero based, Oop shift amount: 3

CDS archive(s) mapped at: [0x0000000800000000-0x0000000800bc0000-0x0000000800bc0000), size 12320768, SharedBaseAddress: 0x0000000800000000, ArchiveRelocationMode: 0.
Compressed class space mapped at: 0x0000000800c00000-0x0000000840c00000, reserved size: 1073741824
Narrow klass base: 0x0000000800000000, Narrow klass shift: 0, Narrow klass range: 0x100000000

GC Precious Log:
 CPUs: 12 total, 12 available
 Memory: 16106M
 Large Page Support: Disabled
 NUMA Support: Disabled
 Compressed Oops: Enabled (Zero based)
 Heap Region Size: 2M
 Heap Min Capacity: 8M
 Heap Initial Capacity: 252M
 Heap Max Capacity: 4028M
 Pre-touch: Disabled
 Parallel Workers: 10
 Concurrent Workers: 3
 Concurrent Refinement Workers: 10
 Periodic GC: Disabled

Heap:
 garbage-first heap   total 258048K, used 9979K [0x0000000704400000, 0x0000000800000000)
  region size 2048K, 5 young (10240K), 2 survivors (4096K)
 Metaspace       used 5087K, committed 5248K, reserved 1056768K
  class space    used 920K, committed 1024K, reserved 1048576K

Heap Regions: E=young(eden), S=young(survivor), O=old, HS=humongous(starts), HC=humongous(continues), CS=collection set, F=free, OA=open archive, CA=closed archive, TAMS=top-at-mark-start (previous, next)
|   0|0x0000000704400000, 0x00000007045bee00, 0x0000000704600000| 87%| O|  |TAMS 0x0000000704400000, 0x0000000704400000| Untracked 
|   1|0x0000000704600000, 0x0000000704600000, 0x0000000704800000|  0%| F|  |TAMS 0x0000000704600000, 0x0000000704600000| Untracked 
|   2|0x0000000704800000, 0x0000000704800000, 0x0000000704a00000|  0%| F|  |TAMS 0x0000000704800000, 0x0000000704800000| Untracked 
|   3|0x0000000704a00000, 0x0000000704a00000, 0x0000000704c00000|  0%| F|  |TAMS 0x0000000704a00000, 0x0000000704a00000| Untracked 
|   4|0x0000000704c00000, 0x0000000704c00000, 0x0000000704e00000|  0%| F|  |TAMS 0x0000000704c00000, 0x0000000704c00000| Untracked 
|   5|0x0000000704e00000, 0x0000000704e00000, 0x0000000705000000|  0%| F|  |TAMS 0x0000000704e00000, 0x0000000704e00000| Untracked 
|   6|0x0000000705000000, 0x0000000705000000, 0x0000000705200000|  0%| F|  |TAMS 0x0000000705000000, 0x0000000705000000| Untracked 
|   7|0x0000000705200000, 0x0000000705200000, 0x0000000705400000|  0%| F|  |TAMS 0x0000000705200000, 0x0000000705200000| Untracked 
|   8|0x0000000705400000, 0x0000000705400000, 0x0000000705600000|  0%| F|  |TAMS 0x0000000705400000, 0x0000000705400000| Untracked 
|   9|0x0000000705600000, 0x0000000705600000, 0x0000000705800000|  0%| F|  |TAMS 0x0000000705600000, 0x0000000705600000| Untracked 
|  10|0x0000000705800000, 0x0000000705800000, 0x0000000705a00000|  0%| F|  |TAMS 0x0000000705800000, 0x0000000705800000| Untracked 
|  11|0x0000000705a00000, 0x0000000705a00000, 0x0000000705c00000|  0%| F|  |TAMS 0x0000000705a00000, 0x0000000705a00000| Untracked 
|  12|0x0000000705c00000, 0x0000000705c00000, 0x0000000705e00000|  0%| F|  |TAMS 0x0000000705c00000, 0x0000000705c00000| Untracked 
|  13|0x0000000705e00000, 0x0000000705e00000, 0x0000000706000000|  0%| F|  |TAMS 0x0000000705e00000, 0x0000000705e00000| Untracked 
|  14|0x0000000706000000, 0x0000000706000000, 0x0000000706200000|  0%| F|  |TAMS 0x0000000706000000, 0x0000000706000000| Untracked 
|  15|0x0000000706200000, 0x0000000706200000, 0x0000000706400000|  0%| F|  |TAMS 0x0000000706200000, 0x0000000706200000| Untracked 
|  16|0x0000000706400000, 0x0000000706400000, 0x0000000706600000|  0%| F|  |TAMS 0x0000000706400000, 0x0000000706400000| Untracked 
|  17|0x0000000706600000, 0x0000000706600000, 0x0000000706800000|  0%| F|  |TAMS 0x0000000706600000, 0x0000000706600000| Untracked 
|  18|0x0000000706800000, 0x0000000706800000, 0x0000000706a00000|  0%| F|  |TAMS 0x0000000706800000, 0x0000000706800000| Untracked 
|  19|0x0000000706a00000, 0x0000000706a00000, 0x0000000706c00000|  0%| F|  |TAMS 0x0000000706a00000, 0x0000000706a00000| Untracked 
|  20|0x0000000706c00000, 0x0000000706c00000, 0x0000000706e00000|  0%| F|  |TAMS 0x0000000706c00000, 0x0000000706c00000| Untracked 
|  21|0x0000000706e00000, 0x0000000706e00000, 0x0000000707000000|  0%| F|  |TAMS 0x0000000706e00000, 0x0000000706e00000| Untracked 
|  22|0x0000000707000000, 0x0000000707000000, 0x0000000707200000|  0%| F|  |TAMS 0x0000000707000000, 0x0000000707000000| Untracked 
|  23|0x0000000707200000, 0x0000000707200000, 0x0000000707400000|  0%| F|  |TAMS 0x0000000707200000, 0x0000000707200000| Untracked 
|  24|0x0000000707400000, 0x0000000707400000, 0x0000000707600000|  0%| F|  |TAMS 0x0000000707400000, 0x0000000707400000| Untracked 
|  25|0x0000000707600000, 0x0000000707600000, 0x0000000707800000|  0%| F|  |TAMS 0x0000000707600000, 0x0000000707600000| Untracked 
|  26|0x0000000707800000, 0x0000000707800000, 0x0000000707a00000|  0%| F|  |TAMS 0x0000000707800000, 0x0000000707800000| Untracked 
|  27|0x0000000707a00000, 0x0000000707a00000, 0x0000000707c00000|  0%| F|  |TAMS 0x0000000707a00000, 0x0000000707a00000| Untracked 
|  28|0x0000000707c00000, 0x0000000707c00000, 0x0000000707e00000|  0%| F|  |TAMS 0x0000000707c00000, 0x0000000707c00000| Untracked 
|  29|0x0000000707e00000, 0x0000000707e00000, 0x0000000708000000|  0%| F|  |TAMS 0x0000000707e00000, 0x0000000707e00000| Untracked 
|  30|0x0000000708000000, 0x0000000708000000, 0x0000000708200000|  0%| F|  |TAMS 0x0000000708000000, 0x0000000708000000| Untracked 
|  31|0x0000000708200000, 0x0000000708200000, 0x0000000708400000|  0%| F|  |TAMS 0x0000000708200000, 0x0000000708200000| Untracked 
|  32|0x0000000708400000, 0x0000000708400000, 0x0000000708600000|  0%| F|  |TAMS 0x0000000708400000, 0x0000000708400000| Untracked 
|  33|0x0000000708600000, 0x0000000708600000, 0x0000000708800000|  0%| F|  |TAMS 0x0000000708600000, 0x0000000708600000| Untracked 
|  34|0x0000000708800000, 0x0000000708800000, 0x0000000708a00000|  0%| F|  |TAMS 0x0000000708800000, 0x0000000708800000| Untracked 
|  35|0x0000000708a00000, 0x0000000708a00000, 0x0000000708c00000|  0%| F|  |TAMS 0x0000000708a00000, 0x0000000708a00000| Untracked 
|  36|0x0000000708c00000, 0x0000000708c00000, 0x0000000708e00000|  0%| F|  |TAMS 0x0000000708c00000, 0x0000000708c00000| Untracked 
|  37|0x0000000708e00000, 0x0000000708e00000, 0x0000000709000000|  0%| F|  |TAMS 0x0000000708e00000, 0x0000000708e00000| Untracked 
|  38|0x0000000709000000, 0x0000000709000000, 0x0000000709200000|  0%| F|  |TAMS 0x0000000709000000, 0x0000000709000000| Untracked 
|  39|0x0000000709200000, 0x0000000709200000, 0x0000000709400000|  0%| F|  |TAMS 0x0000000709200000, 0x0000000709200000| Untracked 
|  40|0x0000000709400000, 0x0000000709400000, 0x0000000709600000|  0%| F|  |TAMS 0x0000000709400000, 0x0000000709400000| Untracked 
|  41|0x0000000709600000, 0x0000000709600000, 0x0000000709800000|  0%| F|  |TAMS 0x0000000709600000, 0x0000000709600000| Untracked 
|  42|0x0000000709800000, 0x0000000709800000, 0x0000000709a00000|  0%| F|  |TAMS 0x0000000709800000, 0x0000000709800000| Untracked 
|  43|0x0000000709a00000, 0x0000000709a00000, 0x0000000709c00000|  0%| F|  |TAMS 0x0000000709a00000, 0x0000000709a00000| Untracked 
|  44|0x0000000709c00000, 0x0000000709c00000, 0x0000000709e00000|  0%| F|  |TAMS 0x0000000709c00000, 0x0000000709c00000| Untracked 
|  45|0x0000000709e00000, 0x0000000709e00000, 0x000000070a000000|  0%| F|  |TAMS 0x0000000709e00000, 0x0000000709e00000| Untracked 
|  46|0x000000070a000000, 0x000000070a000000, 0x000000070a200000|  0%| F|  |TAMS 0x000000070a000000, 0x000000070a000000| Untracked 
|  47|0x000000070a200000, 0x000000070a200000, 0x000000070a400000|  0%| F|  |TAMS 0x000000070a200000, 0x000000070a200000| Untracked 
|  48|0x000000070a400000, 0x000000070a400000, 0x000000070a600000|  0%| F|  |TAMS 0x000000070a400000, 0x000000070a400000| Untracked 
|  49|0x000000070a600000, 0x000000070a600000, 0x000000070a800000|  0%| F|  |TAMS 0x000000070a600000, 0x000000070a600000| Untracked 
|  50|0x000000070a800000, 0x000000070a800000, 0x000000070aa00000|  0%| F|  |TAMS 0x000000070a800000, 0x000000070a800000| Untracked 
|  51|0x000000070aa00000, 0x000000070aa00000, 0x000000070ac00000|  0%| F|  |TAMS 0x000000070aa00000, 0x000000070aa00000| Untracked 
|  52|0x000000070ac00000, 0x000000070ac00000, 0x000000070ae00000|  0%| F|  |TAMS 0x000000070ac00000, 0x000000070ac00000| Untracked 
|  53|0x000000070ae00000, 0x000000070ae00000, 0x000000070b000000|  0%| F|  |TAMS 0x000000070ae00000, 0x000000070ae00000| Untracked 
|  54|0x000000070b000000, 0x000000070b000000, 0x000000070b200000|  0%| F|  |TAMS 0x000000070b000000, 0x000000070b000000| Untracked 
|  55|0x000000070b200000, 0x000000070b200000, 0x000000070b400000|  0%| F|  |TAMS 0x000000070b200000, 0x000000070b200000| Untracked 
|  56|0x000000070b400000, 0x000000070b400000, 0x000000070b600000|  0%| F|  |TAMS 0x000000070b400000, 0x000000070b400000| Untracked 
|  57|0x000000070b600000, 0x000000070b600000, 0x000000070b800000|  0%| F|  |TAMS 0x000000070b600000, 0x000000070b600000| Untracked 
|  58|0x000000070b800000, 0x000000070b800000, 0x000000070ba00000|  0%| F|  |TAMS 0x000000070b800000, 0x000000070b800000| Untracked 
|  59|0x000000070ba00000, 0x000000070ba00000, 0x000000070bc00000|  0%| F|  |TAMS 0x000000070ba00000, 0x000000070ba00000| Untracked 
|  60|0x000000070bc00000, 0x000000070bc00000, 0x000000070be00000|  0%| F|  |TAMS 0x000000070bc00000, 0x000000070bc00000| Untracked 
|  61|0x000000070be00000, 0x000000070be00000, 0x000000070c000000|  0%| F|  |TAMS 0x000000070be00000, 0x000000070be00000| Untracked 
|  62|0x000000070c000000, 0x000000070c000000, 0x000000070c200000|  0%| F|  |TAMS 0x000000070c000000, 0x000000070c000000| Untracked 
|  63|0x000000070c200000, 0x000000070c200000, 0x000000070c400000|  0%| F|  |TAMS 0x000000070c200000, 0x000000070c200000| Untracked 
|  64|0x000000070c400000, 0x000000070c400000, 0x000000070c600000|  0%| F|  |TAMS 0x000000070c400000, 0x000000070c400000| Untracked 
|  65|0x000000070c600000, 0x000000070c600000, 0x000000070c800000|  0%| F|  |TAMS 0x000000070c600000, 0x000000070c600000| Untracked 
|  66|0x000000070c800000, 0x000000070c800000, 0x000000070ca00000|  0%| F|  |TAMS 0x000000070c800000, 0x000000070c800000| Untracked 
|  67|0x000000070ca00000, 0x000000070ca00000, 0x000000070cc00000|  0%| F|  |TAMS 0x000000070ca00000, 0x000000070ca00000| Untracked 
|  68|0x000000070cc00000, 0x000000070cc00000, 0x000000070ce00000|  0%| F|  |TAMS 0x000000070cc00000, 0x000000070cc00000| Untracked 
|  69|0x000000070ce00000, 0x000000070ce00000, 0x000000070d000000|  0%| F|  |TAMS 0x000000070ce00000, 0x000000070ce00000| Untracked 
|  70|0x000000070d000000, 0x000000070d000000, 0x000000070d200000|  0%| F|  |TAMS 0x000000070d000000, 0x000000070d000000| Untracked 
|  71|0x000000070d200000, 0x000000070d200000, 0x000000070d400000|  0%| F|  |TAMS 0x000000070d200000, 0x000000070d200000| Untracked 
|  72|0x000000070d400000, 0x000000070d400000, 0x000000070d600000|  0%| F|  |TAMS 0x000000070d400000, 0x000000070d400000| Untracked 
|  73|0x000000070d600000, 0x000000070d600000, 0x000000070d800000|  0%| F|  |TAMS 0x000000070d600000, 0x000000070d600000| Untracked 
|  74|0x000000070d800000, 0x000000070d800000, 0x000000070da00000|  0%| F|  |TAMS 0x000000070d800000, 0x000000070d800000| Untracked 
|  75|0x000000070da00000, 0x000000070da00000, 0x000000070dc00000|  0%| F|  |TAMS 0x000000070da00000, 0x000000070da00000| Untracked 
|  76|0x000000070dc00000, 0x000000070dc00000, 0x000000070de00000|  0%| F|  |TAMS 0x000000070dc00000, 0x000000070dc00000| Untracked 
|  77|0x000000070de00000, 0x000000070de00000, 0x000000070e000000|  0%| F|  |TAMS 0x000000070de00000, 0x000000070de00000| Untracked 
|  78|0x000000070e000000, 0x000000070e000000, 0x000000070e200000|  0%| F|  |TAMS 0x000000070e000000, 0x000000070e000000| Untracked 
|  79|0x000000070e200000, 0x000000070e200000, 0x000000070e400000|  0%| F|  |TAMS 0x000000070e200000, 0x000000070e200000| Untracked 
|  80|0x000000070e400000, 0x000000070e400000, 0x000000070e600000|  0%| F|  |TAMS 0x000000070e400000, 0x000000070e400000| Untracked 
|  81|0x000000070e600000, 0x000000070e600000, 0x000000070e800000|  0%| F|  |TAMS 0x000000070e600000, 0x000000070e600000| Untracked 
|  82|0x000000070e800000, 0x000000070e800000, 0x000000070ea00000|  0%| F|  |TAMS 0x000000070e800000, 0x000000070e800000| Untracked 
|  83|0x000000070ea00000, 0x000000070ea00000, 0x000000070ec00000|  0%| F|  |TAMS 0x000000070ea00000, 0x000000070ea00000| Untracked 
|  84|0x000000070ec00000, 0x000000070ec00000, 0x000000070ee00000|  0%| F|  |TAMS 0x000000070ec00000, 0x000000070ec00000| Untracked 
|  85|0x000000070ee00000, 0x000000070ee00000, 0x000000070f000000|  0%| F|  |TAMS 0x000000070ee00000, 0x000000070ee00000| Untracked 
|  86|0x000000070f000000, 0x000000070f000000, 0x000000070f200000|  0%| F|  |TAMS 0x000000070f000000, 0x000000070f000000| Untracked 
|  87|0x000000070f200000, 0x000000070f200000, 0x000000070f400000|  0%| F|  |TAMS 0x000000070f200000, 0x000000070f200000| Untracked 
|  88|0x000000070f400000, 0x000000070f400000, 0x000000070f600000|  0%| F|  |TAMS 0x000000070f400000, 0x000000070f400000| Untracked 
|  89|0x000000070f600000, 0x000000070f600000, 0x000000070f800000|  0%| F|  |TAMS 0x000000070f600000, 0x000000070f600000| Untracked 
|  90|0x000000070f800000, 0x000000070f800000, 0x000000070fa00000|  0%| F|  |TAMS 0x000000070f800000, 0x000000070f800000| Untracked 
|  91|0x000000070fa00000, 0x000000070fa00000, 0x000000070fc00000|  0%| F|  |TAMS 0x000000070fa00000, 0x000000070fa00000| Untracked 
|  92|0x000000070fc00000, 0x000000070fc00000, 0x000000070fe00000|  0%| F|  |TAMS 0x000000070fc00000, 0x000000070fc00000| Untracked 
|  93|0x000000070fe00000, 0x000000070fe00000, 0x0000000710000000|  0%| F|  |TAMS 0x000000070fe00000, 0x000000070fe00000| Untracked 
|  94|0x0000000710000000, 0x0000000710000000, 0x0000000710200000|  0%| F|  |TAMS 0x0000000710000000, 0x0000000710000000| Untracked 
|  95|0x0000000710200000, 0x0000000710200000, 0x0000000710400000|  0%| F|  |TAMS 0x0000000710200000, 0x0000000710200000| Untracked 
|  96|0x0000000710400000, 0x0000000710400000, 0x0000000710600000|  0%| F|  |TAMS 0x0000000710400000, 0x0000000710400000| Untracked 
|  97|0x0000000710600000, 0x0000000710600000, 0x0000000710800000|  0%| F|  |TAMS 0x0000000710600000, 0x0000000710600000| Untracked 
|  98|0x0000000710800000, 0x0000000710800000, 0x0000000710a00000|  0%| F|  |TAMS 0x0000000710800000, 0x0000000710800000| Untracked 
|  99|0x0000000710a00000, 0x0000000710a00000, 0x0000000710c00000|  0%| F|  |TAMS 0x0000000710a00000, 0x0000000710a00000| Untracked 
| 100|0x0000000710c00000, 0x0000000710c00000, 0x0000000710e00000|  0%| F|  |TAMS 0x0000000710c00000, 0x0000000710c00000| Untracked 
| 101|0x0000000710e00000, 0x0000000710e00000, 0x0000000711000000|  0%| F|  |TAMS 0x0000000710e00000, 0x0000000710e00000| Untracked 
| 102|0x0000000711000000, 0x0000000711000000, 0x0000000711200000|  0%| F|  |TAMS 0x0000000711000000, 0x0000000711000000| Untracked 
| 103|0x0000000711200000, 0x0000000711200000, 0x0000000711400000|  0%| F|  |TAMS 0x0000000711200000, 0x0000000711200000| Untracked 
| 104|0x0000000711400000, 0x0000000711400000, 0x0000000711600000|  0%| F|  |TAMS 0x0000000711400000, 0x0000000711400000| Untracked 
| 105|0x0000000711600000, 0x0000000711600000, 0x0000000711800000|  0%| F|  |TAMS 0x0000000711600000, 0x0000000711600000| Untracked 
| 106|0x0000000711800000, 0x0000000711800000, 0x0000000711a00000|  0%| F|  |TAMS 0x0000000711800000, 0x0000000711800000| Untracked 
| 107|0x0000000711a00000, 0x0000000711a00000, 0x0000000711c00000|  0%| F|  |TAMS 0x0000000711a00000, 0x0000000711a00000| Untracked 
| 108|0x0000000711c00000, 0x0000000711c00000, 0x0000000711e00000|  0%| F|  |TAMS 0x0000000711c00000, 0x0000000711c00000| Untracked 
| 109|0x0000000711e00000, 0x0000000711e00000, 0x0000000712000000|  0%| F|  |TAMS 0x0000000711e00000, 0x0000000711e00000| Untracked 
| 110|0x0000000712000000, 0x0000000712000000, 0x0000000712200000|  0%| F|  |TAMS 0x0000000712000000, 0x0000000712000000| Untracked 
| 111|0x0000000712200000, 0x0000000712200000, 0x0000000712400000|  0%| F|  |TAMS 0x0000000712200000, 0x0000000712200000| Untracked 
| 112|0x0000000712400000, 0x0000000712400000, 0x0000000712600000|  0%| F|  |TAMS 0x0000000712400000, 0x0000000712400000| Untracked 
| 113|0x0000000712600000, 0x0000000712800000, 0x0000000712800000|100%| S|CS|TAMS 0x0000000712600000, 0x0000000712600000| Complete 
| 114|0x0000000712800000, 0x0000000712a00000, 0x0000000712a00000|100%| S|CS|TAMS 0x0000000712800000, 0x0000000712800000| Complete 
| 115|0x0000000712a00000, 0x0000000712a00000, 0x0000000712c00000|  0%| F|  |TAMS 0x0000000712a00000, 0x0000000712a00000| Untracked 
| 116|0x0000000712c00000, 0x0000000712c00000, 0x0000000712e00000|  0%| F|  |TAMS 0x0000000712c00000, 0x0000000712c00000| Untracked 
| 117|0x0000000712e00000, 0x0000000712e00000, 0x0000000713000000|  0%| F|  |TAMS 0x0000000712e00000, 0x0000000712e00000| Untracked 
| 118|0x0000000713000000, 0x0000000713000000, 0x0000000713200000|  0%| F|  |TAMS 0x0000000713000000, 0x0000000713000000| Untracked 
| 119|0x0000000713200000, 0x0000000713200000, 0x0000000713400000|  0%| F|  |TAMS 0x0000000713200000, 0x0000000713200000| Untracked 
| 120|0x0000000713400000, 0x0000000713400000, 0x0000000713600000|  0%| F|  |TAMS 0x0000000713400000, 0x0000000713400000| Untracked 
| 121|0x0000000713600000, 0x0000000713600000, 0x0000000713800000|  0%| F|  |TAMS 0x0000000713600000, 0x0000000713600000| Untracked 
| 122|0x0000000713800000, 0x0000000713800000, 0x0000000713a00000|  0%| F|  |TAMS 0x0000000713800000, 0x0000000713800000| Untracked 
| 123|0x0000000713a00000, 0x0000000713ae3350, 0x0000000713c00000| 44%| E|  |TAMS 0x0000000713a00000, 0x0000000713a00000| Complete 
| 124|0x0000000713c00000, 0x0000000713e00000, 0x0000000713e00000|100%| E|CS|TAMS 0x0000000713c00000, 0x0000000713c00000| Complete 
| 125|0x0000000713e00000, 0x0000000714000000, 0x0000000714000000|100%| E|CS|TAMS 0x0000000713e00000, 0x0000000713e00000| Complete 

Card table byte_map: [0x00000287add80000,0x00000287ae560000] _byte_map_base: 0x00000287aa55e000

Marking Bits (Prev, Next): (CMBitMap*) 0x00000287a27e7010, (CMBitMap*) 0x00000287a27e7050
 Prev Bits: [0x00000287aed40000, 0x00000287b2c30000)
 Next Bits: [0x00000287b2c30000, 0x00000287b6b20000)

Polling page: 0x00000287a0770000

Metaspace:

Usage:
  Non-class:      4.07 MB used.
      Class:    920.44 KB used.
       Both:      4.97 MB used.

Virtual space:
  Non-class space:        8.00 MB reserved,       4.13 MB ( 52%) committed,  1 nodes.
      Class space:        1.00 GB reserved,       1.00 MB ( <1%) committed,  1 nodes.
             Both:        1.01 GB reserved,       5.13 MB ( <1%) committed. 

Chunk freelists:
   Non-Class:  976.00 KB
       Class:  2.98 MB
        Both:  3.94 MB

MaxMetaspaceSize: unlimited
CompressedClassSpaceSize: 1.00 GB
Initial GC threshold: 21.00 MB
Current GC threshold: 21.00 MB
CDS: on
MetaspaceReclaimPolicy: balanced
 - commit_granule_bytes: 65536.
 - commit_granule_words: 8192.
 - virtual_space_node_default_size: 1048576.
 - enlarge_chunks_in_place: 1.
 - new_chunks_are_fully_committed: 0.
 - uncommit_free_chunks: 1.
 - use_allocation_guard: 0.
 - handle_deallocations: 1.


Internal statistics:

num_allocs_failed_limit: 0.
num_arena_births: 34.
num_arena_deaths: 0.
num_vsnodes_births: 2.
num_vsnodes_deaths: 0.
num_space_committed: 82.
num_space_uncommitted: 0.
num_chunks_returned_to_freelist: 0.
num_chunks_taken_from_freelist: 187.
num_chunk_merges: 0.
num_chunk_splits: 144.
num_chunks_enlarged: 119.
num_purges: 0.
num_inconsistent_stats: 0.

CodeCache: size=49152Kb used=4127Kb max_used=4127Kb free=45024Kb
 bounds [0x00000287aa270000, 0x00000287aa680000, 0x00000287ad270000]
 total_blobs=1363 nmethods=957 adapters=330
 compilation: enabled
              stopped_count=0, restarted_count=0
 full_count=0

Compilation events (20 events):
Event: 0.365 Thread 0x00000287babef5d0 nmethod 942 0x00000287aa66fe10 code [0x00000287aa6700a0, 0x00000287aa670e18]
Event: 0.365 Thread 0x00000287ba4e6d80 nmethod 948 0x00000287aa671490 code [0x00000287aa671640, 0x00000287aa671888]
Event: 0.365 Thread 0x00000287ba4e6d80  949       1       jdk.internal.loader.Resource::<init> (5 bytes)
Event: 0.365 Thread 0x00000287ba4e7750  950  s    1       java.util.jar.JarFile::getInputStream (72 bytes)
Event: 0.365 Thread 0x00000287ba4e6d80 nmethod 949 0x00000287aa671990 code [0x00000287aa671b20, 0x00000287aa671bd8]
Event: 0.366 Thread 0x00000287ba4e7750 nmethod 950 0x00000287aa671c90 code [0x00000287aa671ea0, 0x00000287aa672298]
Event: 0.366 Thread 0x00000287ba4e7750  951   !   1       jdk.internal.loader.URLClassPath$JarLoader::checkResource (78 bytes)
Event: 0.366 Thread 0x00000287ba4e6d80  954       1       java.util.jar.JavaUtilJarAccessImpl::ensureInitialization (5 bytes)
Event: 0.366 Thread 0x00000287b984bb70  952       1       jdk.internal.loader.URLClassPath$JarLoader$2::<init> (31 bytes)
Event: 0.366 Thread 0x00000287babef5d0  953       1       jdk.internal.loader.URLClassPath$JarLoader$2::getManifest (26 bytes)
Event: 0.366 Thread 0x00000287ba4e6d80 nmethod 954 0x00000287aa672410 code [0x00000287aa6725a0, 0x00000287aa672688]
Event: 0.366 Thread 0x00000287b984bb70 nmethod 952 0x00000287aa672790 code [0x00000287aa672920, 0x00000287aa672bb8]
Event: 0.366 Thread 0x00000287ba4e6d80  955       1       java.util.jar.JarFile::getManifest (5 bytes)
Event: 0.366 Thread 0x00000287ba4e6d80 nmethod 955 0x00000287aa672c10 code [0x00000287aa672da0, 0x00000287aa672e88]
Event: 0.366 Thread 0x00000287ba4e6d80  956       1       jdk.internal.loader.URLClassPath$JarLoader$2::getInputStream (15 bytes)
Event: 0.366 Thread 0x00000287babef5d0 nmethod 953 0x00000287aa672f10 code [0x00000287aa673100, 0x00000287aa6733c8]
Event: 0.366 Thread 0x00000287b984bb70  957   !   1       java.util.jar.JarFile$JarFileEntry::getCodeSigners (81 bytes)
Event: 0.366 Thread 0x00000287ba4e7750 nmethod 951 0x00000287aa673690 code [0x00000287aa6738a0, 0x00000287aa673e68]
Event: 0.366 Thread 0x00000287ba4e6d80 nmethod 956 0x00000287aa674190 code [0x00000287aa674320, 0x00000287aa674428]
Event: 0.366 Thread 0x00000287b984bb70 nmethod 957 0x00000287aa674510 code [0x00000287aa674700, 0x00000287aa674a68]

GC Heap History (2 events):
Event: 0.316 GC heap before
{Heap before GC invocations=0 (full 0):
 garbage-first heap   total 258048K, used 20480K [0x0000000704400000, 0x0000000800000000)
  region size 2048K, 11 young (22528K), 0 survivors (0K)
 Metaspace       used 4285K, committed 4416K, reserved 1056768K
  class space    used 770K, committed 832K, reserved 1048576K
}
Event: 0.319 GC heap after
{Heap after GC invocations=1 (full 0):
 garbage-first heap   total 258048K, used 5883K [0x0000000704400000, 0x0000000800000000)
  region size 2048K, 2 young (4096K), 2 survivors (4096K)
 Metaspace       used 4285K, committed 4416K, reserved 1056768K
  class space    used 770K, committed 832K, reserved 1048576K
}

Dll operation events (10 events):
Event: 0.005 Loaded shared library C:\Users\DELUR\.jdks\corretto-17.0.6\bin\java.dll
Event: 0.013 Loaded shared library C:\Users\DELUR\.jdks\corretto-17.0.6\bin\jsvml.dll
Event: 0.066 Loaded shared library C:\Users\DELUR\.jdks\corretto-17.0.6\bin\zip.dll
Event: 0.068 Loaded shared library C:\Users\DELUR\.jdks\corretto-17.0.6\bin\instrument.dll
Event: 0.071 Loaded shared library C:\Users\DELUR\.jdks\corretto-17.0.6\bin\net.dll
Event: 0.072 Loaded shared library C:\Users\DELUR\.jdks\corretto-17.0.6\bin\nio.dll
Event: 0.073 Loaded shared library C:\Users\DELUR\.jdks\corretto-17.0.6\bin\zip.dll
Event: 0.109 Loaded shared library C:\Users\DELUR\.jdks\corretto-17.0.6\bin\verify.dll
Event: 0.257 Loaded shared library C:\Users\DELUR\.jdks\corretto-17.0.6\bin\jimage.dll
Event: 0.368 Loaded shared library C:\Program Files\JetBrains\IntelliJ IDEA 2023.2.1\bin\breakgen64.dll

Deoptimization events (0 events):
No events

Classes unloaded (0 events):
No events

Classes redefined (0 events):
No events

Internal exceptions (3 events):
Event: 0.245 Thread 0x00000287a2779560 Exception <a 'java/lang/NoSuchMethodError'{0x0000000712ec6bf0}: 'java.lang.Object java.lang.invoke.DirectMethodHandle$Holder.newInvokeSpecial(java.lang.Object, java.lang.Object, java.lang.Object, java.lang.Object, java.lang.Object)'> (0x0000000712ec6bf0) 
thrown [s\src\hotspot\share\interpreter\linkResolver.cpp, line 759]
Event: 0.290 Thread 0x00000287a2779560 Exception <a 'java/lang/NoSuchMethodError'{0x0000000712df6f90}: 'java.lang.Object java.lang.invoke.DirectMethodHandle$Holder.invokeVirtual(java.lang.Object, java.lang.Object, java.lang.Object)'> (0x0000000712df6f90) 
thrown [s\src\hotspot\share\interpreter\linkResolver.cpp, line 759]
Event: 0.330 Thread 0x00000287a2779560 Exception <a 'java/lang/ClassNotFoundException'{0x0000000713ee7bf0}: java/lang/ClassLoader$ByteBuddyAccessor$mTG1jHjY> (0x0000000713ee7bf0) 
thrown [s\src\hotspot\share\classfile\systemDictionary.cpp, line 256]

VM Operations (14 events):
Event: 0.061 Executing VM operation: HandshakeAllThreads
Event: 0.061 Executing VM operation: HandshakeAllThreads done
Event: 0.230 Executing VM operation: HandshakeAllThreads
Event: 0.230 Executing VM operation: HandshakeAllThreads done
Event: 0.258 Executing VM operation: HandshakeAllThreads
Event: 0.258 Executing VM operation: HandshakeAllThreads done
Event: 0.312 Executing VM operation: HandshakeAllThreads
Event: 0.312 Executing VM operation: HandshakeAllThreads done
Event: 0.315 Executing VM operation: ICBufferFull
Event: 0.315 Executing VM operation: ICBufferFull done
Event: 0.316 Executing VM operation: G1CollectForAllocation
Event: 0.319 Executing VM operation: G1CollectForAllocation done
Event: 0.332 Executing VM operation: HandshakeAllThreads
Event: 0.332 Executing VM operation: HandshakeAllThreads done

Events (20 events):
Event: 0.331 loading class sun/net/www/protocol/jar/JarURLConnection
Event: 0.331 loading class sun/net/www/protocol/jar/JarURLConnection done
Event: 0.331 loading class sun/net/www/protocol/jar/JarFileFactory
Event: 0.331 loading class sun/net/www/protocol/jar/URLJarFile$URLJarFileCloseController
Event: 0.332 loading class sun/net/www/protocol/jar/URLJarFile$URLJarFileCloseController done
Event: 0.332 loading class sun/net/www/protocol/jar/JarFileFactory done
Event: 0.332 loading class sun/net/www/protocol/jar/URLJarFile
Event: 0.332 loading class sun/net/www/protocol/jar/URLJarFile done
Event: 0.332 loading class sun/net/www/protocol/jar/URLJarFile$URLJarFileEntry
Event: 0.332 loading class sun/net/www/protocol/jar/URLJarFile$URLJarFileEntry done
Event: 0.332 loading class sun/net/www/protocol/jar/JarURLConnection$JarURLInputStream
Event: 0.332 loading class sun/net/www/protocol/jar/JarURLConnection$JarURLInputStream done
Event: 0.345 loading class sun/reflect/generics/scope/ConstructorScope
Event: 0.345 loading class sun/reflect/generics/scope/ConstructorScope done
Event: 0.368 Thread 0x00000287bacdc7f0 Thread added: 0x00000287bacdc7f0
Event: 0.368 Thread 0x00000287bacee100 Thread added: 0x00000287bacee100
Event: 0.368 loading class jdk/internal/agent/Agent
Event: 0.368 loading class java/net/Socket
Event: 0.369 loading class jdk/internal/agent/Agent done
Event: 0.369 loading class java/net/Socket done


Dynamic libraries:
0x00007ff7fddb0000 - 0x00007ff7fddbd000 	C:\Users\DELUR\.jdks\corretto-17.0.6\bin\java.exe
0x00007ffa48d70000 - 0x00007ffa48f68000 	C:\Windows\SYSTEM32\ntdll.dll
0x00007ffa47b00000 - 0x00007ffa47bbd000 	C:\Windows\System32\KERNEL32.DLL
0x00007ffa46570000 - 0x00007ffa46866000 	C:\Windows\System32\KERNELBASE.dll
0x00007ffa46c20000 - 0x00007ffa46d20000 	C:\Windows\System32\ucrtbase.dll
0x00007ffa3b870000 - 0x00007ffa3b885000 	C:\Users\DELUR\.jdks\corretto-17.0.6\bin\VCRUNTIME140.dll
0x00007ffa37610000 - 0x00007ffa37627000 	C:\Users\DELUR\.jdks\corretto-17.0.6\bin\jli.dll
0x00007ffa47880000 - 0x00007ffa47a1e000 	C:\Windows\System32\USER32.dll
0x00007ffa37160000 - 0x00007ffa373fa000 	C:\Windows\WinSxS\amd64_microsoft.windows.common-controls_6595b64144ccf1df_6.0.19041.1110_none_60b5254171f9507e\COMCTL32.dll
0x00007ffa46a90000 - 0x00007ffa46ab2000 	C:\Windows\System32\win32u.dll
0x00007ffa48c80000 - 0x00007ffa48d1e000 	C:\Windows\System32\msvcrt.dll
0x00007ffa47ad0000 - 0x00007ffa47afc000 	C:\Windows\System32\GDI32.dll
0x00007ffa46450000 - 0x00007ffa4656a000 	C:\Windows\System32\gdi32full.dll
0x00007ffa46870000 - 0x00007ffa4690d000 	C:\Windows\System32\msvcp_win.dll
0x00007ffa48b20000 - 0x00007ffa48b50000 	C:\Windows\System32\IMM32.DLL
0x00007ff9f7870000 - 0x00007ff9f790b000 	C:\Users\DELUR\.jdks\corretto-17.0.6\bin\msvcp140.dll
0x00007ff9ecc70000 - 0x00007ff9ed888000 	C:\Users\DELUR\.jdks\corretto-17.0.6\bin\server\jvm.dll
0x00007ffa489b0000 - 0x00007ffa48a5e000 	C:\Windows\System32\ADVAPI32.dll
0x00007ffa46f00000 - 0x00007ffa46f9c000 	C:\Windows\System32\sechost.dll
0x00007ffa46dd0000 - 0x00007ffa46ef6000 	C:\Windows\System32\RPCRT4.dll
0x00007ffa271f0000 - 0x00007ffa271f9000 	C:\Windows\SYSTEM32\WSOCK32.dll
0x00007ffa31150000 - 0x00007ffa31177000 	C:\Windows\SYSTEM32\WINMM.dll
0x00007ffa48440000 - 0x00007ffa484ab000 	C:\Windows\System32\WS2_32.dll
0x00007ffa3aeb0000 - 0x00007ffa3aeba000 	C:\Windows\SYSTEM32\VERSION.dll
0x00007ffa44c70000 - 0x00007ffa44c82000 	C:\Windows\SYSTEM32\kernel.appcore.dll
0x00007ffa3bcf0000 - 0x00007ffa3bcfa000 	C:\Users\DELUR\.jdks\corretto-17.0.6\bin\jimage.dll
0x00007ffa44990000 - 0x00007ffa44b74000 	C:\Windows\SYSTEM32\DBGHELP.DLL
0x00007ffa39fb0000 - 0x00007ffa39fe4000 	C:\Windows\SYSTEM32\dbgcore.DLL
0x00007ffa46a00000 - 0x00007ffa46a82000 	C:\Windows\System32\bcryptPrimitives.dll
0x00007ffa3bac0000 - 0x00007ffa3bace000 	C:\Users\DELUR\.jdks\corretto-17.0.6\bin\instrument.dll
0x00007ffa36770000 - 0x00007ffa36795000 	C:\Users\DELUR\.jdks\corretto-17.0.6\bin\java.dll
0x00007ff9f5c80000 - 0x00007ff9f5d56000 	C:\Users\DELUR\.jdks\corretto-17.0.6\bin\jsvml.dll
0x00007ffa47bc0000 - 0x00007ffa48305000 	C:\Windows\System32\SHELL32.dll
0x00007ffa41860000 - 0x00007ffa41ffb000 	C:\Windows\SYSTEM32\windows.storage.dll
0x00007ffa484b0000 - 0x00007ffa48804000 	C:\Windows\System32\combase.dll
0x00007ffa45e90000 - 0x00007ffa45ebe000 	C:\Windows\SYSTEM32\Wldp.dll
0x00007ffa470e0000 - 0x00007ffa4718d000 	C:\Windows\System32\SHCORE.dll
0x00007ffa46fa0000 - 0x00007ffa46ff5000 	C:\Windows\System32\shlwapi.dll
0x00007ffa46380000 - 0x00007ffa463a5000 	C:\Windows\SYSTEM32\profapi.dll
0x00007ffa25280000 - 0x00007ffa25298000 	C:\Users\DELUR\.jdks\corretto-17.0.6\bin\zip.dll
0x00007ffa27100000 - 0x00007ffa27119000 	C:\Users\DELUR\.jdks\corretto-17.0.6\bin\net.dll
0x00007ffa3e680000 - 0x00007ffa3e78a000 	C:\Windows\SYSTEM32\WINHTTP.dll
0x00007ffa45bf0000 - 0x00007ffa45c5a000 	C:\Windows\system32\mswsock.dll
0x00007ffa257d0000 - 0x00007ffa257e5000 	C:\Users\DELUR\.jdks\corretto-17.0.6\bin\nio.dll
0x00007ffa3aa60000 - 0x00007ffa3aa70000 	C:\Users\DELUR\.jdks\corretto-17.0.6\bin\verify.dll
0x00007ffa09cf0000 - 0x00007ffa09d0a000 	C:\Program Files\JetBrains\IntelliJ IDEA 2023.2.1\bin\breakgen64.dll

dbghelp: loaded successfully - version: 4.0.5 - missing functions: none
symbol engine: initialized successfully - sym options: 0x614 - pdb path: .;C:\Users\DELUR\.jdks\corretto-17.0.6\bin;C:\Windows\SYSTEM32;C:\Windows\WinSxS\amd64_microsoft.windows.common-controls_6595b64144ccf1df_6.0.19041.1110_none_60b5254171f9507e;C:\Users\DELUR\.jdks\corretto-17.0.6\bin\server;C:\Program Files\JetBrains\IntelliJ IDEA 2023.2.1\bin

VM Arguments:
jvm_args: -XX:TieredStopAtLevel=1 -Dspring.output.ansi.enabled=always -Dcom.sun.management.jmxremote -Dspring.jmx.enabled=true -Dspring.liveBeansView.mbeanDomain -Dspring.application.admin.enabled=true -Dmanagement.endpoints.jmx.exposure.include=* -javaagent:C:\Users\DELUR\AppData\Roaming\JetBrains\IntelliJIdea2023.2\plugins\mysql-log-plugin\lib\mysql-log-agent-1.1.jar -Dmysql-log.projectId=c3755412 -javaagent:C:\Program Files\JetBrains\IntelliJ IDEA 2023.2.1\lib\idea_rt.jar=56507:C:\Program Files\JetBrains\IntelliJ IDEA 2023.2.1\bin -Dfile.encoding=UTF-8 
java_command: com.example.springmodels.SpringModelsApplication
java_class_path (initial): C:\Users\DELUR\OneDrive\Рабочий стол\Shop_pp\target\classes;C:\Users\DELUR\.m2\repository\org\springframework\boot\spring-boot-starter-thymeleaf\2.5.4\spring-boot-starter-thymeleaf-2.5.4.jar;C:\Users\DELUR\.m2\repository\org\springframework\boot\spring-boot-starter\2.5.4\spring-boot-starter-2.5.4.jar;C:\Users\DELUR\.m2\repository\org\springframework\boot\spring-boot-starter-logging\2.5.4\spring-boot-starter-logging-2.5.4.jar;C:\Users\DELUR\.m2\repository\ch\qos\logback\logback-classic\1.2.5\logback-classic-1.2.5.jar;C:\Users\DELUR\.m2\repository\ch\qos\logback\logback-core\1.2.5\logback-core-1.2.5.jar;C:\Users\DELUR\.m2\repository\org\apache\logging\log4j\log4j-to-slf4j\2.14.1\log4j-to-slf4j-2.14.1.jar;C:\Users\DELUR\.m2\repository\org\apache\logging\log4j\log4j-api\2.14.1\log4j-api-2.14.1.jar;C:\Users\DELUR\.m2\repository\org\slf4j\jul-to-slf4j\1.7.32\jul-to-slf4j-1.7.32.jar;C:\Users\DELUR\.m2\repository\jakarta\annotation\jakarta.annotation-api\1.3.5\jakarta.annotation-api-1.3.5.jar;C:\Users\DELUR\.m2\repository\org\yaml\snakeyaml\1.28\snakeyaml-1.28.jar;C:\Users\DELUR\.m2\repository\org\thymeleaf\thymeleaf-spring5\3.0.12.RELEASE\thymeleaf-spring5-3.0.12.RELEASE.jar;C:\Users\DELUR\.m2\repository\org\thymeleaf\thymeleaf\3.0.12.RELEASE\thymeleaf-3.0.12.RELEASE.jar;C:\Users\DELUR\.m2\repository\org\attoparser\attoparser\2.0.5.RELEASE\attoparser-2.0.5.RELEASE.jar;C:\Users\DELUR\.m2\repository\org\unbescape\unbescape\1.1.6.RELEASE\unbescape-1.1.6.RELEASE.jar;C:\Users\DELUR\.m2\repository\org\slf4j\slf4j-api\1.7.32\slf4j-api-1.7.32.jar;C:\Users\DELUR\.m2\repository\org\thymeleaf\extras\thymeleaf-extras-java8time\3.0.4.RELEASE\thymeleaf-extras-java8time-3.0.4.RELEASE.jar;C:\Users\DELUR\.m2\repository\org\springframework\boot\spring-boot-starter-web\2.5.4\spring-boot-starter-web-2.5.4.jar;C:\Users\DELUR\.m2\repository\org\springframework\boot\spring-boot-starter-json\2.5.4\spring-boot-starter-json-2.5.4.jar;C:\Users\DELUR\.m2\repository\com\fa
Launcher Type: SUN_STANDARD

[Global flags]
     intx CICompilerCount                          = 4                                         {product} {ergonomic}
     uint ConcGCThreads                            = 3                                         {product} {ergonomic}
     uint G1ConcRefinementThreads                  = 10                                        {product} {ergonomic}
   size_t G1HeapRegionSize                         = 2097152                                   {product} {ergonomic}
    uintx GCDrainStackTargetSize                   = 64                                        {product} {ergonomic}
   size_t InitialHeapSize                          = 264241152                                 {product} {ergonomic}
     bool ManagementServer                         = true                                      {product} {command line}
   size_t MarkStackSize                            = 4194304                                   {product} {ergonomic}
   size_t MaxHeapSize                              = 4223664128                                {product} {ergonomic}
   size_t MaxNewSize                               = 2533359616                                {product} {ergonomic}
   size_t MinHeapDeltaBytes                        = 2097152                                   {product} {ergonomic}
   size_t MinHeapSize                              = 8388608                                   {product} {ergonomic}
    uintx NonProfiledCodeHeapSize                  = 0                                      {pd product} {ergonomic}
     bool ProfileInterpreter                       = false                                  {pd product} {command line}
    uintx ProfiledCodeHeapSize                     = 0                                      {pd product} {ergonomic}
   size_t SoftMaxHeapSize                          = 4223664128                             {manageable} {ergonomic}
     intx TieredStopAtLevel                        = 1                                         {product} {command line}
     bool UseCompressedClassPointers               = true                           {product lp64_product} {ergonomic}
     bool UseCompressedOops                        = true                           {product lp64_product} {ergonomic}
     bool UseG1GC                                  = true                                      {product} {ergonomic}
     bool UseLargePagesIndividualAllocation        = false                                  {pd product} {ergonomic}

Logging:
Log output configuration:
 #0: stdout all=warning uptime,level,tags
 #1: stderr all=off uptime,level,tags

Environment Variables:
PATH=C:\Program Files\Microsoft\jdk-11.0.12.7-hotspot\bin;C:\ProgramData\Oracle\Java\javapath;C:\Program Files\Common Files\Oracle\Java\javapath;C:\Windows\system32;C:\Windows;C:\Windows\System32\Wbem;C:\Windows\System32\WindowsPowerShell\v1.0\;C:\Windows\System32\OpenSSH\;C:\Program Files\dotnet\;C:\Program Files\Microsoft SQL Server\Client SDK\ODBC\130\Tools\Binn\;C:\Program Files (x86)\NVIDIA Corporation\PhysX\Common;C:\Program Files\Microsoft SQL Server\Client SDK\ODBC\170\Tools\Binn\;C:\Program Files\Java\jdk-17.0.2\bin;C:\Program Files (x86)\Microsoft SQL Server\140\Tools\Binn\;C:\Program Files\Microsoft SQL Server\140\Tools\Binn\;C:\Program Files (x86)\Microsoft SQL Server\140\DTS\Binn\;C:\Program Files\Microsoft SQL Server\140\DTS\Binn\;C:\Program Files (x86)\Microsoft SQL Server\150\DTS\Binn\;C:\Program Files\Azure Data Studio\bin;C:\Program Files\NVIDIA Corporation\NVIDIA NvDLISR;C:\Program Files\Microsoft SQL Server\150\Tools\Binn\;C:\Program Files\Git\cmd;C:\flutter\bin;C:\Users\DELUR\AppData\Local\Microsoft\WindowsApps;C:\Users\DELUR\.dotnet\tools;C:\Users\DELUR\Desktop\Microsoft VS Code\bin;C:\Program Files\JetBrains\PyCharm 2021.3.2\bin;;C:\Program Files\Azure Data Studio\bin;C:\Program Files\JetBrains\IntelliJ IDEA 2023.2.1\bin;
USERNAME=DELUR
OS=Windows_NT
PROCESSOR_IDENTIFIER=Intel64 Family 6 Model 141 Stepping 1, GenuineIntel
TMP=C:\Users\DELUR\AppData\Local\Temp
TEMP=C:\Users\DELUR\AppData\Local\Temp



---------------  S Y S T E M  ---------------

OS:
 Windows 10 , 64 bit Build 19041 (10.0.19041.3393)
OS uptime: 1 days 1:06 hours

CPU: total 12 (initial active 12) (6 cores per cpu, 2 threads per core) family 6 model 141 stepping 1 microcode 0x34, cx8, cmov, fxsr, ht, mmx, 3dnowpref, sse, sse2, sse3, ssse3, sse4.1, sse4.2, popcnt, lzcnt, tsc, tscinvbit, avx, avx2, aes, erms, clmul, bmi1, bmi2, adx, avx512f, avx512dq, avx512cd, avx512bw, avx512vl, sha, fma, vzeroupper, avx512_vpopcntdq, avx512_vpclmulqdq, avx512_vaes, avx512_vnni, clflush, clflushopt, clwb, avx512_vbmi2, avx512_vbmi

Memory: 4k page, system-wide physical 16106M (5865M free)
TotalPageFile size 24042M (AvailPageFile size 7256M)
current process WorkingSet (physical memory assigned to process): 69M, peak: 69M
current process commit charge ("private bytes"): 352M, peak: 352M

vm_info: OpenJDK 64-Bit Server VM (17.0.6+10-LTS) for windows-amd64 JRE (17.0.6+10-LTS), built on Jan 13 2023 22:57:04 by "Administrator" with MS VC++ 15.9 (VS2017)

END.
